<?xml version="1.0" encoding="UTF-8"?>
<!-- Generated by org.testng.reporters.JUnitXMLReporter -->
<testsuite ignored="0" hostname="Sanjeev" failures="0" tests="4" name="Test" time="8.329" errors="0" timestamp="27 Sep 2022 11:33:38 GMT">
  <testcase classname="Com.JBK.MavenTest_First.M_LoginTest" name="loginTestTitle" time="1.067"/>
  <testcase classname="Com.JBK.MavenTest_First.M_LoginTest_2" name="loginTestTitle" time="0.306"/>
  <testcase classname="Com.JBK.MavenTest_First.M_LoginTest" name="loginPageSucess" time="4.076"/>
  <testcase classname="Com.JBK.MavenTest_First.M_LoginTest_2" name="loginPageSucess" time="2.804"/>
</testsuite> <!-- Test -->
