<?xml version="1.0" encoding="UTF-8"?>
<!-- Generated by org.testng.reporters.JUnitXMLReporter -->
<testsuite ignored="0" hostname="Sanjeev" failures="0" tests="4" name="Test" time="10.49" errors="0" timestamp="01 Oct 2022 14:10:39 GMT">
  <testcase classname="Com.JBK.MavenTest_First.M_LoginTest" name="loginTestTitle" time="3.637"/>
  <testcase classname="Com.JBK.MavenTest_First.M_LoginTest_2" name="loginTestTitle" time="0.312"/>
  <testcase classname="Com.JBK.MavenTest_First.M_LoginTest" name="loginPageSucess" time="4.164"/>
  <testcase classname="Com.JBK.MavenTest_First.M_LoginTest_2" name="loginPageSucess" time="2.282"/>
</testsuite> <!-- Test -->
