<?xml version="1.0" encoding="UTF-8"?>
<testng-results ignored="0" total="4" passed="4" failed="0" skipped="0">
  <reporter-output>
  </reporter-output>
  <suite started-at="2022-10-01T14:10:29Z" name="Suite" finished-at="2022-10-01T14:10:39Z" duration-ms="10490">
    <groups>
    </groups>
    <test started-at="2022-10-01T14:10:29Z" name="Test" finished-at="2022-10-01T14:10:39Z" duration-ms="10490">
      <class name="Com.JBK.MavenTest_First.M_LoginTest_2">
        <test-method signature="loginTestTitle()[pri:1, instance:Com.JBK.MavenTest_First.M_LoginTest_2@510f3d34]" started-at="2022-10-01T14:10:32Z" name="loginTestTitle" finished-at="2022-10-01T14:10:33Z" duration-ms="312" status="PASS">
          <reporter-output>
          </reporter-output>
        </test-method> <!-- loginTestTitle -->
        <test-method signature="loginPageSucess()[pri:2, instance:Com.JBK.MavenTest_First.M_LoginTest_2@510f3d34]" started-at="2022-10-01T14:10:37Z" name="loginPageSucess" finished-at="2022-10-01T14:10:39Z" duration-ms="2282" status="PASS">
          <reporter-output>
          </reporter-output>
        </test-method> <!-- loginPageSucess -->
      </class> <!-- Com.JBK.MavenTest_First.M_LoginTest_2 -->
      <class name="Com.JBK.MavenTest_First.M_LoginTest">
        <test-method is-config="true" signature="loginTestusingMaven()[pri:0, instance:Com.JBK.MavenTest_First.M_LoginTest@6ad82709]" started-at="2022-10-01T14:08:47Z" name="loginTestusingMaven" finished-at="2022-10-01T14:10:04Z" duration-ms="77600" status="PASS">
          <reporter-output>
          </reporter-output>
        </test-method> <!-- loginTestusingMaven -->
        <test-method is-config="true" signature="loginTestusingMaven()[pri:0, instance:Com.JBK.MavenTest_First.M_LoginTest_2@510f3d34]" started-at="2022-10-01T14:10:04Z" name="loginTestusingMaven" finished-at="2022-10-01T14:10:29Z" duration-ms="24251" status="PASS">
          <reporter-output>
          </reporter-output>
        </test-method> <!-- loginTestusingMaven -->
        <test-method signature="loginTestTitle()[pri:1, instance:Com.JBK.MavenTest_First.M_LoginTest@6ad82709]" started-at="2022-10-01T14:10:29Z" name="loginTestTitle" finished-at="2022-10-01T14:10:32Z" duration-ms="3637" status="PASS">
          <reporter-output>
          </reporter-output>
        </test-method> <!-- loginTestTitle -->
        <test-method signature="loginPageSucess()[pri:2, instance:Com.JBK.MavenTest_First.M_LoginTest@6ad82709]" started-at="2022-10-01T14:10:33Z" name="loginPageSucess" finished-at="2022-10-01T14:10:37Z" duration-ms="4164" status="PASS">
          <reporter-output>
          </reporter-output>
        </test-method> <!-- loginPageSucess -->
        <test-method is-config="true" signature="close()[pri:0, instance:Com.JBK.MavenTest_First.M_LoginTest@6ad82709]" started-at="2022-10-01T14:10:39Z" name="close" finished-at="2022-10-01T14:10:40Z" duration-ms="1113" status="PASS">
          <reporter-output>
          </reporter-output>
        </test-method> <!-- close -->
        <test-method is-config="true" signature="close()[pri:0, instance:Com.JBK.MavenTest_First.M_LoginTest_2@510f3d34]" started-at="2022-10-01T14:10:40Z" name="close" finished-at="2022-10-01T14:10:41Z" duration-ms="378" status="PASS">
          <reporter-output>
          </reporter-output>
        </test-method> <!-- close -->
      </class> <!-- Com.JBK.MavenTest_First.M_LoginTest -->
    </test> <!-- Test -->
  </suite> <!-- Suite -->
</testng-results>
