<?xml version="1.0" encoding="UTF-8"?>
<testng-results ignored="0" total="4" passed="4" failed="0" skipped="0">
  <reporter-output>
  </reporter-output>
  <suite started-at="2022-09-27T11:33:30Z" name="Suite" finished-at="2022-09-27T11:33:38Z" duration-ms="8329">
    <groups>
    </groups>
    <test started-at="2022-09-27T11:33:30Z" name="Test" finished-at="2022-09-27T11:33:38Z" duration-ms="8329">
      <class name="Com.JBK.MavenTest_First.M_LoginTest_2">
        <test-method signature="loginTestTitle()[pri:1, instance:Com.JBK.MavenTest_First.M_LoginTest_2@510f3d34]" started-at="2022-09-27T11:33:31Z" name="loginTestTitle" finished-at="2022-09-27T11:33:31Z" duration-ms="306" status="PASS">
          <reporter-output>
          </reporter-output>
        </test-method> <!-- loginTestTitle -->
        <test-method signature="loginPageSucess()[pri:2, instance:Com.JBK.MavenTest_First.M_LoginTest_2@510f3d34]" started-at="2022-09-27T11:33:35Z" name="loginPageSucess" finished-at="2022-09-27T11:33:38Z" duration-ms="2804" status="PASS">
          <reporter-output>
          </reporter-output>
        </test-method> <!-- loginPageSucess -->
      </class> <!-- Com.JBK.MavenTest_First.M_LoginTest_2 -->
      <class name="Com.JBK.MavenTest_First.M_LoginTest">
        <test-method is-config="true" signature="loginTestusingMaven()[pri:0, instance:Com.JBK.MavenTest_First.M_LoginTest@6ad82709]" started-at="2022-09-27T11:32:14Z" name="loginTestusingMaven" finished-at="2022-09-27T11:33:06Z" duration-ms="51870" status="PASS">
          <reporter-output>
          </reporter-output>
        </test-method> <!-- loginTestusingMaven -->
        <test-method is-config="true" signature="loginTestusingMaven()[pri:0, instance:Com.JBK.MavenTest_First.M_LoginTest_2@510f3d34]" started-at="2022-09-27T11:33:06Z" name="loginTestusingMaven" finished-at="2022-09-27T11:33:30Z" duration-ms="23264" status="PASS">
          <reporter-output>
          </reporter-output>
        </test-method> <!-- loginTestusingMaven -->
        <test-method signature="loginTestTitle()[pri:1, instance:Com.JBK.MavenTest_First.M_LoginTest@6ad82709]" started-at="2022-09-27T11:33:30Z" name="loginTestTitle" finished-at="2022-09-27T11:33:31Z" duration-ms="1067" status="PASS">
          <reporter-output>
          </reporter-output>
        </test-method> <!-- loginTestTitle -->
        <test-method signature="loginPageSucess()[pri:2, instance:Com.JBK.MavenTest_First.M_LoginTest@6ad82709]" started-at="2022-09-27T11:33:31Z" name="loginPageSucess" finished-at="2022-09-27T11:33:35Z" duration-ms="4076" status="PASS">
          <reporter-output>
          </reporter-output>
        </test-method> <!-- loginPageSucess -->
        <test-method is-config="true" signature="close()[pri:0, instance:Com.JBK.MavenTest_First.M_LoginTest@6ad82709]" started-at="2022-09-27T11:33:38Z" name="close" finished-at="2022-09-27T11:33:41Z" duration-ms="3085" status="PASS">
          <reporter-output>
          </reporter-output>
        </test-method> <!-- close -->
        <test-method is-config="true" signature="close()[pri:0, instance:Com.JBK.MavenTest_First.M_LoginTest_2@510f3d34]" started-at="2022-09-27T11:33:41Z" name="close" finished-at="2022-09-27T11:33:42Z" duration-ms="430" status="PASS">
          <reporter-output>
          </reporter-output>
        </test-method> <!-- close -->
      </class> <!-- Com.JBK.MavenTest_First.M_LoginTest -->
    </test> <!-- Test -->
  </suite> <!-- Suite -->
</testng-results>
